<?xml version="1.0" encoding="UTF-8"?><testrun name="TestRunner" project="com.assurant" tests="3" started="1" failures="0" errors="2" ignored="0">
  <testsuite name="com.assurant.TestRunner" incomplete="true">
    <testsuite name="Assurant" incomplete="true">
      <testcase name="#1" classname="Assurant" time="160.363">
        <error>org.openqa.selenium.remote.UnreachableBrowserException: Error communicating with the remote browser. It may have died.
Build info: version: '4.13.0', revision: 'ba948ece5b*'
System info: os.name: 'Windows 10', os.arch: 'amd64', os.version: '10.0', java.version: '17.0.9'
Driver info: org.openqa.selenium.edge.EdgeDriver
Command: [d84b4ea4fcc1a520f52211478cac79b0, get [url]]
Capabilities {acceptInsecureCerts: false, browserName: MicrosoftEdge, browserVersion: 122.0.2365.92, fedcm:accounts: true, ms:edgeOptions: {debuggerAddress: localhost:63302}, msedge: {msedgedriverVersion: 122.0.2365.106 (a5761ec7165..., userDataDir: C:\Users\BHARAT~1\AppData\L...}, networkConnectionEnabled: false, pageLoadStrategy: normal, platformName: windows, proxy: Proxy(), se:cdp: ws://localhost:63302/devtoo..., se:cdpVersion: 122.0.2365.92, setWindowRect: true, strictFileInteractability: false, timeouts: {implicit: 0, pageLoad: 300000, script: 30000}, unhandledPromptBehavior: dismiss and notify, webauthn:extension:credBlob: true, webauthn:extension:largeBlob: true, webauthn:extension:minPinLength: true, webauthn:extension:prf: true, webauthn:virtualAuthenticators: true}
Session ID: d84b4ea4fcc1a520f52211478cac79b0&#13;
	at org.openqa.selenium.remote.RemoteWebDriver.execute(RemoteWebDriver.java:629)&#13;
	at org.openqa.selenium.remote.RemoteWebDriver.get(RemoteWebDriver.java:304)&#13;
	at com.assurant.BaseClass.get_Application(BaseClass.java:49)&#13;
	at com.assurant.Facebook.launch_the_facebook_application(Facebook.java:33)&#13;
	at âœ½.Launch The Facebook Application "www.facebook.com"(file:///C:/Users/BHARATH%20V/eclipse-workspace/com.assurant/src/test/resources/assurant.feature:6)&#13;
Caused by: java.io.UncheckedIOException: java.net.SocketException: Connection reset&#13;
	at org.openqa.selenium.remote.http.netty.NettyHttpHandler.makeCall(NettyHttpHandler.java:73)&#13;
	at org.openqa.selenium.remote.http.AddSeleniumUserAgent.lambda$apply$0(AddSeleniumUserAgent.java:42)&#13;
	at org.openqa.selenium.remote.http.Filter.lambda$andFinally$1(Filter.java:55)&#13;
	at org.openqa.selenium.remote.http.netty.NettyHttpHandler.execute(NettyHttpHandler.java:48)&#13;
	at org.openqa.selenium.remote.http.netty.NettyClient.execute(NettyClient.java:96)&#13;
	at org.openqa.selenium.remote.HttpCommandExecutor.execute(HttpCommandExecutor.java:188)&#13;
	at org.openqa.selenium.remote.service.DriverCommandExecutor.invokeExecute(DriverCommandExecutor.java:196)&#13;
	at org.openqa.selenium.remote.service.DriverCommandExecutor.execute(DriverCommandExecutor.java:171)&#13;
	at org.openqa.selenium.remote.RemoteWebDriver.execute(RemoteWebDriver.java:602)&#13;
	at org.openqa.selenium.remote.RemoteWebDriver.get(RemoteWebDriver.java:304)&#13;
	at com.assurant.BaseClass.get_Application(BaseClass.java:49)&#13;
	at com.assurant.Facebook.launch_the_facebook_application(Facebook.java:33)&#13;
	at java.base/jdk.internal.reflect.NativeMethodAccessorImpl.invoke0(Native Method)&#13;
	at java.base/jdk.internal.reflect.NativeMethodAccessorImpl.invoke(NativeMethodAccessorImpl.java:77)&#13;
	at java.base/jdk.internal.reflect.DelegatingMethodAccessorImpl.invoke(DelegatingMethodAccessorImpl.java:43)&#13;
	at java.base/java.lang.reflect.Method.invoke(Method.java:568)&#13;
	at io.cucumber.java.Invoker.doInvoke(Invoker.java:66)&#13;
	at io.cucumber.java.Invoker.invoke(Invoker.java:24)&#13;
	at io.cucumber.java.AbstractGlueDefinition.invokeMethod(AbstractGlueDefinition.java:47)&#13;
	at io.cucumber.java.JavaStepDefinition.execute(JavaStepDefinition.java:29)&#13;
	at io.cucumber.core.runner.CoreStepDefinition.execute(CoreStepDefinition.java:66)&#13;
	at io.cucumber.core.runner.PickleStepDefinitionMatch.runStep(PickleStepDefinitionMatch.java:63)&#13;
	at io.cucumber.core.runner.ExecutionMode$1.execute(ExecutionMode.java:10)&#13;
	at io.cucumber.core.runner.TestStep.executeStep(TestStep.java:81)&#13;
	at io.cucumber.core.runner.TestStep.run(TestStep.java:53)&#13;
	at io.cucumber.core.runner.PickleStepTestStep.run(PickleStepTestStep.java:51)&#13;
	at io.cucumber.core.runner.TestCase.run(TestCase.java:84)&#13;
	at io.cucumber.core.runner.Runner.runPickle(Runner.java:75)&#13;
	at io.cucumber.junit.PickleRunners$NoStepDescriptions.lambda$run$0(PickleRunners.java:151)&#13;
	at io.cucumber.core.runtime.CucumberExecutionContext.lambda$runTestCase$5(CucumberExecutionContext.java:136)&#13;
	at io.cucumber.core.runtime.RethrowingThrowableCollector.executeAndThrow(RethrowingThrowableCollector.java:23)&#13;
	at io.cucumber.core.runtime.CucumberExecutionContext.runTestCase(CucumberExecutionContext.java:136)&#13;
	at io.cucumber.junit.PickleRunners$NoStepDescriptions.run(PickleRunners.java:148)&#13;
	at io.cucumber.junit.FeatureRunner.runChild(FeatureRunner.java:144)&#13;
	at io.cucumber.junit.FeatureRunner.runChild(FeatureRunner.java:28)&#13;
	at org.junit.runners.ParentRunner$4.run(ParentRunner.java:331)&#13;
	at org.junit.runners.ParentRunner$1.schedule(ParentRunner.java:79)&#13;
	at org.junit.runners.ParentRunner.runChildren(ParentRunner.java:329)&#13;
	at org.junit.runners.ParentRunner.access$100(ParentRunner.java:66)&#13;
	at org.junit.runners.ParentRunner$2.evaluate(ParentRunner.java:293)&#13;
	at org.junit.runners.ParentRunner$3.evaluate(ParentRunner.java:306)&#13;
	at org.junit.runners.ParentRunner.run(ParentRunner.java:413)&#13;
	at io.cucumber.junit.FeatureRunner.run(FeatureRunner.java:137)&#13;
	at io.cucumber.junit.Cucumber.runChild(Cucumber.java:196)&#13;
	at io.cucumber.junit.Cucumber.runChild(Cucumber.java:89)&#13;
	at org.junit.runners.ParentRunner$4.run(ParentRunner.java:331)&#13;
	at org.junit.runners.ParentRunner$1.schedule(ParentRunner.java:79)&#13;
	at org.junit.runners.ParentRunner.runChildren(ParentRunner.java:329)&#13;
	at org.junit.runners.ParentRunner.access$100(ParentRunner.java:66)&#13;
	at org.junit.runners.ParentRunner$2.evaluate(ParentRunner.java:293)&#13;
	at io.cucumber.core.runtime.CucumberExecutionContext.lambda$runFeatures$6(CucumberExecutionContext.java:147)&#13;
	at io.cucumber.core.runtime.CucumberExecutionContext.execute(CucumberExecutionContext.java:162)&#13;
	at io.cucumber.core.runtime.CucumberExecutionContext.runFeatures(CucumberExecutionContext.java:145)&#13;
	at io.cucumber.junit.Cucumber$StartAndFinishTestRun.evaluate(Cucumber.java:226)&#13;
	at org.junit.runners.ParentRunner$3.evaluate(ParentRunner.java:306)&#13;
	at org.junit.runners.ParentRunner.run(ParentRunner.java:413)&#13;
	at org.eclipse.jdt.internal.junit4.runner.JUnit4TestReference.run(JUnit4TestReference.java:93)&#13;
	at org.eclipse.jdt.internal.junit.runner.TestExecution.run(TestExecution.java:40)&#13;
	at org.eclipse.jdt.internal.junit.runner.RemoteTestRunner.runTests(RemoteTestRunner.java:529)&#13;
	at org.eclipse.jdt.internal.junit.runner.RemoteTestRunner.runTests(RemoteTestRunner.java:756)&#13;
	at org.eclipse.jdt.internal.junit.runner.RemoteTestRunner.run(RemoteTestRunner.java:452)&#13;
	at org.eclipse.jdt.internal.junit.runner.RemoteTestRunner.main(RemoteTestRunner.java:210)&#13;
Caused by: java.net.SocketException: Connection reset&#13;
	at java.base/sun.nio.ch.SocketChannelImpl.throwConnectionReset(SocketChannelImpl.java:394)&#13;
	at java.base/sun.nio.ch.SocketChannelImpl.read(SocketChannelImpl.java:426)&#13;
	at io.netty.buffer.PooledByteBuf.setBytes(PooledByteBuf.java:254)&#13;
	at io.netty.buffer.AbstractByteBuf.writeBytes(AbstractByteBuf.java:1132)&#13;
	at io.netty.channel.socket.nio.NioSocketChannel.doReadBytes(NioSocketChannel.java:357)&#13;
	at io.netty.channel.nio.AbstractNioByteChannel$NioByteUnsafe.read(AbstractNioByteChannel.java:151)&#13;
	at io.netty.channel.nio.NioEventLoop.processSelectedKey(NioEventLoop.java:788)&#13;
	at io.netty.channel.nio.NioEventLoop.processSelectedKeysOptimized(NioEventLoop.java:724)&#13;
	at io.netty.channel.nio.NioEventLoop.processSelectedKeys(NioEventLoop.java:650)&#13;
	at io.netty.channel.nio.NioEventLoop.run(NioEventLoop.java:562)&#13;
	at io.netty.util.concurrent.SingleThreadEventExecutor$4.run(SingleThreadEventExecutor.java:997)&#13;
	at io.netty.util.internal.ThreadExecutorMap$2.run(ThreadExecutorMap.java:74)&#13;
	at io.netty.util.concurrent.FastThreadLocalRunnable.run(FastThreadLocalRunnable.java:30)&#13;
	at java.base/java.lang.Thread.run(Thread.java:840)&#13;
&#13;
org.openqa.selenium.remote.UnreachableBrowserException: Error communicating with the remote browser. It may have died.
Build info: version: '4.13.0', revision: 'ba948ece5b*'
System info: os.name: 'Windows 10', os.arch: 'amd64', os.version: '10.0', java.version: '17.0.9'
Driver info: org.openqa.selenium.edge.EdgeDriver
Command: [d84b4ea4fcc1a520f52211478cac79b0, close []]
Capabilities {acceptInsecureCerts: false, browserName: MicrosoftEdge, browserVersion: 122.0.2365.92, fedcm:accounts: true, ms:edgeOptions: {debuggerAddress: localhost:63302}, msedge: {msedgedriverVersion: 122.0.2365.106 (a5761ec7165..., userDataDir: C:\Users\BHARAT~1\AppData\L...}, networkConnectionEnabled: false, pageLoadStrategy: normal, platformName: windows, proxy: Proxy(), se:cdp: ws://localhost:63302/devtoo..., se:cdpVersion: 122.0.2365.92, setWindowRect: true, strictFileInteractability: false, timeouts: {implicit: 0, pageLoad: 300000, script: 30000}, unhandledPromptBehavior: dismiss and notify, webauthn:extension:credBlob: true, webauthn:extension:largeBlob: true, webauthn:extension:minPinLength: true, webauthn:extension:prf: true, webauthn:virtualAuthenticators: true}
Session ID: d84b4ea4fcc1a520f52211478cac79b0&#13;
	at org.openqa.selenium.remote.RemoteWebDriver.execute(RemoteWebDriver.java:629)&#13;
	at org.openqa.selenium.remote.RemoteWebDriver.execute(RemoteWebDriver.java:675)&#13;
	at org.openqa.selenium.remote.RemoteWebDriver.execute(RemoteWebDriver.java:679)&#13;
	at org.openqa.selenium.remote.RemoteWebDriver.close(RemoteWebDriver.java:409)&#13;
	at com.assurant.BaseClass.browser_Close(BaseClass.java:94)&#13;
	at com.assurant.Hooks.methoForClose(Hooks.java:26)&#13;
Caused by: java.io.UncheckedIOException: java.net.ConnectException: Connection refused: no further information: localhost/[0:0:0:0:0:0:0:1]:1149&#13;
	at org.openqa.selenium.remote.http.netty.NettyHttpHandler.makeCall(NettyHttpHandler.java:73)&#13;
	at org.openqa.selenium.remote.http.AddSeleniumUserAgent.lambda$apply$0(AddSeleniumUserAgent.java:42)&#13;
	at org.openqa.selenium.remote.http.Filter.lambda$andFinally$1(Filter.java:55)&#13;
	at org.openqa.selenium.remote.http.netty.NettyHttpHandler.execute(NettyHttpHandler.java:48)&#13;
	at org.openqa.selenium.remote.http.netty.NettyClient.execute(NettyClient.java:96)&#13;
	at org.openqa.selenium.remote.HttpCommandExecutor.execute(HttpCommandExecutor.java:188)&#13;
	at org.openqa.selenium.remote.service.DriverCommandExecutor.invokeExecute(DriverCommandExecutor.java:196)&#13;
	at org.openqa.selenium.remote.service.DriverCommandExecutor.execute(DriverCommandExecutor.java:171)&#13;
	at org.openqa.selenium.remote.RemoteWebDriver.execute(RemoteWebDriver.java:602)&#13;
	at org.openqa.selenium.remote.RemoteWebDriver.execute(RemoteWebDriver.java:675)&#13;
	at org.openqa.selenium.remote.RemoteWebDriver.execute(RemoteWebDriver.java:679)&#13;
	at org.openqa.selenium.remote.RemoteWebDriver.close(RemoteWebDriver.java:409)&#13;
	at com.assurant.BaseClass.browser_Close(BaseClass.java:94)&#13;
	at com.assurant.Hooks.methoForClose(Hooks.java:26)&#13;
	at java.base/jdk.internal.reflect.NativeMethodAccessorImpl.invoke0(Native Method)&#13;
	at java.base/jdk.internal.reflect.NativeMethodAccessorImpl.invoke(NativeMethodAccessorImpl.java:77)&#13;
	at java.base/jdk.internal.reflect.DelegatingMethodAccessorImpl.invoke(DelegatingMethodAccessorImpl.java:43)&#13;
	at java.base/java.lang.reflect.Method.invoke(Method.java:568)&#13;
	at io.cucumber.java.Invoker.doInvoke(Invoker.java:66)&#13;
	at io.cucumber.java.Invoker.invoke(Invoker.java:24)&#13;
	at io.cucumber.java.AbstractGlueDefinition.invokeMethod(AbstractGlueDefinition.java:47)&#13;
	at io.cucumber.java.JavaHookDefinition.execute(JavaHookDefinition.java:64)&#13;
	at io.cucumber.core.runner.CoreHookDefinition.execute(CoreHookDefinition.java:46)&#13;
	at io.cucumber.core.runner.HookDefinitionMatch.runStep(HookDefinitionMatch.java:21)&#13;
	at io.cucumber.core.runner.ExecutionMode$1.execute(ExecutionMode.java:10)&#13;
	at io.cucumber.core.runner.TestStep.executeStep(TestStep.java:81)&#13;
	at io.cucumber.core.runner.TestStep.run(TestStep.java:53)&#13;
	at io.cucumber.core.runner.TestCase.run(TestCase.java:90)&#13;
	at io.cucumber.core.runner.Runner.runPickle(Runner.java:75)&#13;
	at io.cucumber.junit.PickleRunners$NoStepDescriptions.lambda$run$0(PickleRunners.java:151)&#13;
	at io.cucumber.core.runtime.CucumberExecutionContext.lambda$runTestCase$5(CucumberExecutionContext.java:136)&#13;
	at io.cucumber.core.runtime.RethrowingThrowableCollector.executeAndThrow(RethrowingThrowableCollector.java:23)&#13;
	at io.cucumber.core.runtime.CucumberExecutionContext.runTestCase(CucumberExecutionContext.java:136)&#13;
	at io.cucumber.junit.PickleRunners$NoStepDescriptions.run(PickleRunners.java:148)&#13;
	at io.cucumber.junit.FeatureRunner.runChild(FeatureRunner.java:144)&#13;
	at io.cucumber.junit.FeatureRunner.runChild(FeatureRunner.java:28)&#13;
	at org.junit.runners.ParentRunner$4.run(ParentRunner.java:331)&#13;
	at org.junit.runners.ParentRunner$1.schedule(ParentRunner.java:79)&#13;
	at org.junit.runners.ParentRunner.runChildren(ParentRunner.java:329)&#13;
	at org.junit.runners.ParentRunner.access$100(ParentRunner.java:66)&#13;
	at org.junit.runners.ParentRunner$2.evaluate(ParentRunner.java:293)&#13;
	at org.junit.runners.ParentRunner$3.evaluate(ParentRunner.java:306)&#13;
	at org.junit.runners.ParentRunner.run(ParentRunner.java:413)&#13;
	at io.cucumber.junit.FeatureRunner.run(FeatureRunner.java:137)&#13;
	at io.cucumber.junit.Cucumber.runChild(Cucumber.java:196)&#13;
	at io.cucumber.junit.Cucumber.runChild(Cucumber.java:89)&#13;
	at org.junit.runners.ParentRunner$4.run(ParentRunner.java:331)&#13;
	at org.junit.runners.ParentRunner$1.schedule(ParentRunner.java:79)&#13;
	at org.junit.runners.ParentRunner.runChildren(ParentRunner.java:329)&#13;
	at org.junit.runners.ParentRunner.access$100(ParentRunner.java:66)&#13;
	at org.junit.runners.ParentRunner$2.evaluate(ParentRunner.java:293)&#13;
	at io.cucumber.core.runtime.CucumberExecutionContext.lambda$runFeatures$6(CucumberExecutionContext.java:147)&#13;
	at io.cucumber.core.runtime.CucumberExecutionContext.execute(CucumberExecutionContext.java:162)&#13;
	at io.cucumber.core.runtime.CucumberExecutionContext.runFeatures(CucumberExecutionContext.java:145)&#13;
	at io.cucumber.junit.Cucumber$StartAndFinishTestRun.evaluate(Cucumber.java:226)&#13;
	at org.junit.runners.ParentRunner$3.evaluate(ParentRunner.java:306)&#13;
	at org.junit.runners.ParentRunner.run(ParentRunner.java:413)&#13;
	at org.eclipse.jdt.internal.junit4.runner.JUnit4TestReference.run(JUnit4TestReference.java:93)&#13;
	at org.eclipse.jdt.internal.junit.runner.TestExecution.run(TestExecution.java:40)&#13;
	at org.eclipse.jdt.internal.junit.runner.RemoteTestRunner.runTests(RemoteTestRunner.java:529)&#13;
	at org.eclipse.jdt.internal.junit.runner.RemoteTestRunner.runTests(RemoteTestRunner.java:756)&#13;
	at org.eclipse.jdt.internal.junit.runner.RemoteTestRunner.run(RemoteTestRunner.java:452)&#13;
	at org.eclipse.jdt.internal.junit.runner.RemoteTestRunner.main(RemoteTestRunner.java:210)&#13;
Caused by: java.net.ConnectException: Connection refused: no further information: localhost/[0:0:0:0:0:0:0:1]:1149&#13;
	at org.asynchttpclient.netty.channel.NettyConnectListener.onFailure(NettyConnectListener.java:179)&#13;
	at org.asynchttpclient.netty.channel.NettyChannelConnector$1.onFailure(NettyChannelConnector.java:108)&#13;
	at org.asynchttpclient.netty.SimpleChannelFutureListener.operationComplete(SimpleChannelFutureListener.java:28)&#13;
	at org.asynchttpclient.netty.SimpleChannelFutureListener.operationComplete(SimpleChannelFutureListener.java:20)&#13;
	at io.netty.util.concurrent.DefaultPromise.notifyListener0(DefaultPromise.java:590)&#13;
	at io.netty.util.concurrent.DefaultPromise.notifyListenersNow(DefaultPromise.java:557)&#13;
	at io.netty.util.concurrent.DefaultPromise.access$200(DefaultPromise.java:35)&#13;
	at io.netty.util.concurrent.DefaultPromise$1.run(DefaultPromise.java:503)&#13;
	at io.netty.util.concurrent.AbstractEventExecutor.runTask(AbstractEventExecutor.java:174)&#13;
	at io.netty.util.concurrent.AbstractEventExecutor.safeExecute(AbstractEventExecutor.java:167)&#13;
	at io.netty.util.concurrent.SingleThreadEventExecutor.runAllTasks(SingleThreadEventExecutor.java:470)&#13;
	at io.netty.channel.nio.NioEventLoop.run(NioEventLoop.java:569)&#13;
	at io.netty.util.concurrent.SingleThreadEventExecutor$4.run(SingleThreadEventExecutor.java:997)&#13;
	at io.netty.util.internal.ThreadExecutorMap$2.run(ThreadExecutorMap.java:74)&#13;
	at io.netty.util.concurrent.FastThreadLocalRunnable.run(FastThreadLocalRunnable.java:30)&#13;
	at java.base/java.lang.Thread.run(Thread.java:840)&#13;
Caused by: io.netty.channel.AbstractChannel$AnnotatedConnectException: Connection refused: no further information: localhost/[0:0:0:0:0:0:0:1]:1149&#13;
Caused by: java.net.ConnectException: Connection refused: no further information&#13;
	at java.base/sun.nio.ch.Net.pollConnect(Native Method)&#13;
	at java.base/sun.nio.ch.Net.pollConnectNow(Net.java:672)&#13;
	at java.base/sun.nio.ch.SocketChannelImpl.finishConnect(SocketChannelImpl.java:946)&#13;
	at io.netty.channel.socket.nio.NioSocketChannel.doFinishConnect(NioSocketChannel.java:337)&#13;
	at io.netty.channel.nio.AbstractNioChannel$AbstractNioUnsafe.finishConnect(AbstractNioChannel.java:334)&#13;
	at io.netty.channel.nio.NioEventLoop.processSelectedKey(NioEventLoop.java:776)&#13;
	at io.netty.channel.nio.NioEventLoop.processSelectedKeysOptimized(NioEventLoop.java:724)&#13;
	at io.netty.channel.nio.NioEventLoop.processSelectedKeys(NioEventLoop.java:650)&#13;
	at io.netty.channel.nio.NioEventLoop.run(NioEventLoop.java:562)&#13;
	at io.netty.util.concurrent.SingleThreadEventExecutor$4.run(SingleThreadEventExecutor.java:997)&#13;
	at io.netty.util.internal.ThreadExecutorMap$2.run(ThreadExecutorMap.java:74)&#13;
	at io.netty.util.concurrent.FastThreadLocalRunnable.run(FastThreadLocalRunnable.java:30)&#13;
	at java.base/java.lang.Thread.run(Thread.java:840)&#13;
&#13;
</error>
      </testcase>
      <testcase name="#2" classname="Assurant" incomplete="true"/>
      <testcase name="#3" classname="Assurant" incomplete="true"/>
    </testsuite>
  </testsuite>
</testrun>
